<?xml version="1.0" encoding="UTF-8"?>
<testsuite xmlns:xsi="http://www.w3.org/2001/XMLSchema-instance" xsi:noNamespaceSchemaLocation="https://maven.apache.org/surefire/maven-surefire-plugin/xsd/surefire-test-report.xsd" name="com.example.deviceManage.DemoApplicationTests" time="5.186" tests="1" errors="0" skipped="0" failures="0">
  <properties>
    <property name="sun.desktop" value="windows"/>
    <property name="awt.toolkit" value="sun.awt.windows.WToolkit"/>
    <property name="file.encoding.pkg" value="sun.io"/>
    <property name="java.specification.version" value="1.8"/>
    <property name="sun.cpu.isalist" value="amd64"/>
    <property name="sun.jnu.encoding" value="GBK"/>
    <property name="java.class.path" value="D:\work\easycloud\deviceManage\target\test-classes;D:\work\easycloud\deviceManage\target\classes;D:\devTools\maven\rep\org\springframework\boot\spring-boot-starter\2.5.0\spring-boot-starter-2.5.0.jar;D:\devTools\maven\rep\org\springframework\boot\spring-boot\2.5.0\spring-boot-2.5.0.jar;D:\devTools\maven\rep\org\springframework\boot\spring-boot-autoconfigure\2.5.0\spring-boot-autoconfigure-2.5.0.jar;D:\devTools\maven\rep\org\springframework\boot\spring-boot-starter-logging\2.5.0\spring-boot-starter-logging-2.5.0.jar;D:\devTools\maven\rep\ch\qos\logback\logback-classic\1.2.3\logback-classic-1.2.3.jar;D:\devTools\maven\rep\ch\qos\logback\logback-core\1.2.3\logback-core-1.2.3.jar;D:\devTools\maven\rep\org\apache\logging\log4j\log4j-to-slf4j\2.14.1\log4j-to-slf4j-2.14.1.jar;D:\devTools\maven\rep\org\apache\logging\log4j\log4j-api\2.14.1\log4j-api-2.14.1.jar;D:\devTools\maven\rep\org\slf4j\jul-to-slf4j\1.7.30\jul-to-slf4j-1.7.30.jar;D:\devTools\maven\rep\jakarta\annotation\jakarta.annotation-api\1.3.5\jakarta.annotation-api-1.3.5.jar;D:\devTools\maven\rep\org\springframework\spring-core\5.3.7\spring-core-5.3.7.jar;D:\devTools\maven\rep\org\springframework\spring-jcl\5.3.7\spring-jcl-5.3.7.jar;D:\devTools\maven\rep\org\yaml\snakeyaml\1.28\snakeyaml-1.28.jar;D:\devTools\maven\rep\org\projectlombok\lombok\1.18.4\lombok-1.18.4.jar;D:\devTools\maven\rep\org\springframework\boot\spring-boot-starter-test\2.5.0\spring-boot-starter-test-2.5.0.jar;D:\devTools\maven\rep\org\springframework\boot\spring-boot-test\2.5.0\spring-boot-test-2.5.0.jar;D:\devTools\maven\rep\org\springframework\boot\spring-boot-test-autoconfigure\2.5.0\spring-boot-test-autoconfigure-2.5.0.jar;D:\devTools\maven\rep\com\jayway\jsonpath\json-path\2.5.0\json-path-2.5.0.jar;D:\devTools\maven\rep\net\minidev\json-smart\2.4.7\json-smart-2.4.7.jar;D:\devTools\maven\rep\net\minidev\accessors-smart\2.4.7\accessors-smart-2.4.7.jar;D:\devTools\maven\rep\org\ow2\asm\asm\9.1\asm-9.1.jar;D:\devTools\maven\rep\jakarta\xml\bind\jakarta.xml.bind-api\2.3.3\jakarta.xml.bind-api-2.3.3.jar;D:\devTools\maven\rep\jakarta\activation\jakarta.activation-api\1.2.2\jakarta.activation-api-1.2.2.jar;D:\devTools\maven\rep\org\assertj\assertj-core\3.19.0\assertj-core-3.19.0.jar;D:\devTools\maven\rep\org\hamcrest\hamcrest\2.2\hamcrest-2.2.jar;D:\devTools\maven\rep\org\junit\jupiter\junit-jupiter\5.7.2\junit-jupiter-5.7.2.jar;D:\devTools\maven\rep\org\junit\jupiter\junit-jupiter-api\5.7.2\junit-jupiter-api-5.7.2.jar;D:\devTools\maven\rep\org\apiguardian\apiguardian-api\1.1.0\apiguardian-api-1.1.0.jar;D:\devTools\maven\rep\org\opentest4j\opentest4j\1.2.0\opentest4j-1.2.0.jar;D:\devTools\maven\rep\org\junit\platform\junit-platform-commons\1.7.2\junit-platform-commons-1.7.2.jar;D:\devTools\maven\rep\org\junit\jupiter\junit-jupiter-params\5.7.2\junit-jupiter-params-5.7.2.jar;D:\devTools\maven\rep\org\junit\jupiter\junit-jupiter-engine\5.7.2\junit-jupiter-engine-5.7.2.jar;D:\devTools\maven\rep\org\junit\platform\junit-platform-engine\1.7.2\junit-platform-engine-1.7.2.jar;D:\devTools\maven\rep\org\mockito\mockito-core\3.9.0\mockito-core-3.9.0.jar;D:\devTools\maven\rep\net\bytebuddy\byte-buddy\1.10.22\byte-buddy-1.10.22.jar;D:\devTools\maven\rep\net\bytebuddy\byte-buddy-agent\1.10.22\byte-buddy-agent-1.10.22.jar;D:\devTools\maven\rep\org\objenesis\objenesis\3.2\objenesis-3.2.jar;D:\devTools\maven\rep\org\mockito\mockito-junit-jupiter\3.9.0\mockito-junit-jupiter-3.9.0.jar;D:\devTools\maven\rep\org\skyscreamer\jsonassert\1.5.0\jsonassert-1.5.0.jar;D:\devTools\maven\rep\com\vaadin\external\google\android-json\0.0.20131108.vaadin1\android-json-0.0.20131108.vaadin1.jar;D:\devTools\maven\rep\org\springframework\spring-test\5.3.7\spring-test-5.3.7.jar;D:\devTools\maven\rep\org\xmlunit\xmlunit-core\2.8.2\xmlunit-core-2.8.2.jar;D:\devTools\maven\rep\org\springframework\boot\spring-boot-starter-web\2.5.0\spring-boot-starter-web-2.5.0.jar;D:\devTools\maven\rep\org\springframework\boot\spring-boot-starter-json\2.5.0\spring-boot-starter-json-2.5.0.jar;D:\devTools\maven\rep\com\fasterxml\jackson\core\jackson-databind\2.12.3\jackson-databind-2.12.3.jar;D:\devTools\maven\rep\com\fasterxml\jackson\core\jackson-core\2.12.3\jackson-core-2.12.3.jar;D:\devTools\maven\rep\com\fasterxml\jackson\datatype\jackson-datatype-jdk8\2.12.3\jackson-datatype-jdk8-2.12.3.jar;D:\devTools\maven\rep\com\fasterxml\jackson\datatype\jackson-datatype-jsr310\2.12.3\jackson-datatype-jsr310-2.12.3.jar;D:\devTools\maven\rep\com\fasterxml\jackson\module\jackson-module-parameter-names\2.12.3\jackson-module-parameter-names-2.12.3.jar;D:\devTools\maven\rep\org\springframework\boot\spring-boot-starter-tomcat\2.5.0\spring-boot-starter-tomcat-2.5.0.jar;D:\devTools\maven\rep\org\apache\tomcat\embed\tomcat-embed-core\9.0.46\tomcat-embed-core-9.0.46.jar;D:\devTools\maven\rep\org\apache\tomcat\embed\tomcat-embed-el\9.0.46\tomcat-embed-el-9.0.46.jar;D:\devTools\maven\rep\org\apache\tomcat\embed\tomcat-embed-websocket\9.0.46\tomcat-embed-websocket-9.0.46.jar;D:\devTools\maven\rep\org\springframework\spring-web\5.3.7\spring-web-5.3.7.jar;D:\devTools\maven\rep\org\springframework\spring-webmvc\5.3.7\spring-webmvc-5.3.7.jar;D:\devTools\maven\rep\org\springframework\spring-expression\5.3.7\spring-expression-5.3.7.jar;D:\devTools\maven\rep\org\springframework\boot\spring-boot-starter-aop\2.5.0\spring-boot-starter-aop-2.5.0.jar;D:\devTools\maven\rep\org\springframework\spring-aop\5.3.7\spring-aop-5.3.7.jar;D:\devTools\maven\rep\org\aspectj\aspectjweaver\1.9.6\aspectjweaver-1.9.6.jar;D:\devTools\maven\rep\org\springframework\spring-context-support\5.3.7\spring-context-support-5.3.7.jar;D:\devTools\maven\rep\org\springframework\spring-beans\5.3.7\spring-beans-5.3.7.jar;D:\devTools\maven\rep\org\springframework\spring-context\5.3.7\spring-context-5.3.7.jar;D:\devTools\maven\rep\org\springframework\boot\spring-boot-starter-data-redis\2.5.0\spring-boot-starter-data-redis-2.5.0.jar;D:\devTools\maven\rep\org\springframework\data\spring-data-redis\2.5.1\spring-data-redis-2.5.1.jar;D:\devTools\maven\rep\org\springframework\data\spring-data-keyvalue\2.5.1\spring-data-keyvalue-2.5.1.jar;D:\devTools\maven\rep\org\springframework\data\spring-data-commons\2.5.1\spring-data-commons-2.5.1.jar;D:\devTools\maven\rep\org\springframework\spring-tx\5.3.7\spring-tx-5.3.7.jar;D:\devTools\maven\rep\org\springframework\spring-oxm\5.3.7\spring-oxm-5.3.7.jar;D:\devTools\maven\rep\io\lettuce\lettuce-core\6.1.2.RELEASE\lettuce-core-6.1.2.RELEASE.jar;D:\devTools\maven\rep\io\netty\netty-common\4.1.65.Final\netty-common-4.1.65.Final.jar;D:\devTools\maven\rep\io\netty\netty-handler\4.1.65.Final\netty-handler-4.1.65.Final.jar;D:\devTools\maven\rep\io\netty\netty-resolver\4.1.65.Final\netty-resolver-4.1.65.Final.jar;D:\devTools\maven\rep\io\netty\netty-buffer\4.1.65.Final\netty-buffer-4.1.65.Final.jar;D:\devTools\maven\rep\io\netty\netty-codec\4.1.65.Final\netty-codec-4.1.65.Final.jar;D:\devTools\maven\rep\io\netty\netty-transport\4.1.65.Final\netty-transport-4.1.65.Final.jar;D:\devTools\maven\rep\io\projectreactor\reactor-core\3.4.6\reactor-core-3.4.6.jar;D:\devTools\maven\rep\org\reactivestreams\reactive-streams\1.0.3\reactive-streams-1.0.3.jar;D:\devTools\maven\rep\org\springframework\boot\spring-boot-configuration-processor\2.5.0\spring-boot-configuration-processor-2.5.0.jar;D:\devTools\maven\rep\com\baomidou\mybatis-plus-boot-starter\3.2.0\mybatis-plus-boot-starter-3.2.0.jar;D:\devTools\maven\rep\com\baomidou\mybatis-plus\3.2.0\mybatis-plus-3.2.0.jar;D:\devTools\maven\rep\com\baomidou\mybatis-plus-extension\3.2.0\mybatis-plus-extension-3.2.0.jar;D:\devTools\maven\rep\com\baomidou\mybatis-plus-core\3.2.0\mybatis-plus-core-3.2.0.jar;D:\devTools\maven\rep\com\baomidou\mybatis-plus-annotation\3.2.0\mybatis-plus-annotation-3.2.0.jar;D:\devTools\maven\rep\com\github\jsqlparser\jsqlparser\2.1\jsqlparser-2.1.jar;D:\devTools\maven\rep\org\mybatis\mybatis\3.5.2\mybatis-3.5.2.jar;D:\devTools\maven\rep\org\mybatis\mybatis-spring\2.0.2\mybatis-spring-2.0.2.jar;D:\devTools\maven\rep\org\springframework\boot\spring-boot-starter-jdbc\2.5.0\spring-boot-starter-jdbc-2.5.0.jar;D:\devTools\maven\rep\com\zaxxer\HikariCP\4.0.3\HikariCP-4.0.3.jar;D:\devTools\maven\rep\org\springframework\spring-jdbc\5.3.7\spring-jdbc-5.3.7.jar;D:\devTools\maven\rep\mysql\mysql-connector-java\8.0.17\mysql-connector-java-8.0.17.jar;D:\devTools\maven\rep\com\alibaba\druid-spring-boot-starter\1.1.13\druid-spring-boot-starter-1.1.13.jar;D:\devTools\maven\rep\com\alibaba\druid\1.1.13\druid-1.1.13.jar;D:\devTools\maven\rep\org\slf4j\slf4j-api\1.7.30\slf4j-api-1.7.30.jar;D:\devTools\maven\rep\commons-lang\commons-lang\2.6\commons-lang-2.6.jar;D:\devTools\maven\rep\commons-fileupload\commons-fileupload\1.2.2\commons-fileupload-1.2.2.jar;D:\devTools\maven\rep\commons-io\commons-io\2.5\commons-io-2.5.jar;D:\devTools\maven\rep\commons-codec\commons-codec\1.10\commons-codec-1.10.jar;D:\devTools\maven\rep\commons-configuration\commons-configuration\1.10\commons-configuration-1.10.jar;D:\devTools\maven\rep\commons-logging\commons-logging\1.1.1\commons-logging-1.1.1.jar;D:\devTools\maven\rep\org\apache\shiro\shiro-core\1.4.0\shiro-core-1.4.0.jar;D:\devTools\maven\rep\org\apache\shiro\shiro-lang\1.4.0\shiro-lang-1.4.0.jar;D:\devTools\maven\rep\org\apache\shiro\shiro-cache\1.4.0\shiro-cache-1.4.0.jar;D:\devTools\maven\rep\org\apache\shiro\shiro-crypto-hash\1.4.0\shiro-crypto-hash-1.4.0.jar;D:\devTools\maven\rep\org\apache\shiro\shiro-crypto-core\1.4.0\shiro-crypto-core-1.4.0.jar;D:\devTools\maven\rep\org\apache\shiro\shiro-crypto-cipher\1.4.0\shiro-crypto-cipher-1.4.0.jar;D:\devTools\maven\rep\org\apache\shiro\shiro-config-core\1.4.0\shiro-config-core-1.4.0.jar;D:\devTools\maven\rep\org\apache\shiro\shiro-config-ogdl\1.4.0\shiro-config-ogdl-1.4.0.jar;D:\devTools\maven\rep\org\apache\shiro\shiro-event\1.4.0\shiro-event-1.4.0.jar;D:\devTools\maven\rep\org\apache\shiro\shiro-spring\1.4.0\shiro-spring-1.4.0.jar;D:\devTools\maven\rep\org\apache\shiro\shiro-web\1.4.0\shiro-web-1.4.0.jar;D:\devTools\maven\rep\com\github\axet\kaptcha\0.0.9\kaptcha-0.0.9.jar;D:\devTools\maven\rep\com\jhlabs\filters\2.0.235\filters-2.0.235.jar;D:\devTools\maven\rep\io\springfox\springfox-swagger2\2.7.0\springfox-swagger2-2.7.0.jar;D:\devTools\maven\rep\io\swagger\swagger-annotations\1.5.13\swagger-annotations-1.5.13.jar;D:\devTools\maven\rep\io\swagger\swagger-models\1.5.13\swagger-models-1.5.13.jar;D:\devTools\maven\rep\com\fasterxml\jackson\core\jackson-annotations\2.12.3\jackson-annotations-2.12.3.jar;D:\devTools\maven\rep\io\springfox\springfox-spi\2.7.0\springfox-spi-2.7.0.jar;D:\devTools\maven\rep\io\springfox\springfox-core\2.7.0\springfox-core-2.7.0.jar;D:\devTools\maven\rep\io\springfox\springfox-schema\2.7.0\springfox-schema-2.7.0.jar;D:\devTools\maven\rep\io\springfox\springfox-swagger-common\2.7.0\springfox-swagger-common-2.7.0.jar;D:\devTools\maven\rep\io\springfox\springfox-spring-web\2.7.0\springfox-spring-web-2.7.0.jar;D:\devTools\maven\rep\org\reflections\reflections\0.9.11\reflections-0.9.11.jar;D:\devTools\maven\rep\org\javassist\javassist\3.21.0-GA\javassist-3.21.0-GA.jar;D:\devTools\maven\rep\com\google\guava\guava\18.0\guava-18.0.jar;D:\devTools\maven\rep\com\fasterxml\classmate\1.5.1\classmate-1.5.1.jar;D:\devTools\maven\rep\org\springframework\plugin\spring-plugin-core\1.2.0.RELEASE\spring-plugin-core-1.2.0.RELEASE.jar;D:\devTools\maven\rep\org\springframework\plugin\spring-plugin-metadata\1.2.0.RELEASE\spring-plugin-metadata-1.2.0.RELEASE.jar;D:\devTools\maven\rep\org\mapstruct\mapstruct\1.1.0.Final\mapstruct-1.1.0.Final.jar;D:\devTools\maven\rep\io\springfox\springfox-swagger-ui\2.7.0\springfox-swagger-ui-2.7.0.jar;D:\devTools\maven\rep\joda-time\joda-time\2.9.9\joda-time-2.9.9.jar;D:\devTools\maven\rep\com\alibaba\fastjson\1.2.60\fastjson-1.2.60.jar;D:\devTools\maven\rep\org\apache\httpcomponents\httpclient\4.5.13\httpclient-4.5.13.jar;D:\devTools\maven\rep\org\apache\httpcomponents\httpcore\4.4.14\httpcore-4.4.14.jar;D:\devTools\maven\rep\com\google\code\gson\gson\2.8.6\gson-2.8.6.jar;D:\devTools\maven\rep\net\sf\json-lib\json-lib\2.4\json-lib-2.4-jdk15.jar;D:\devTools\maven\rep\commons-beanutils\commons-beanutils\1.8.0\commons-beanutils-1.8.0.jar;D:\devTools\maven\rep\commons-collections\commons-collections\3.2.1\commons-collections-3.2.1.jar;D:\devTools\maven\rep\net\sf\ezmorph\ezmorph\1.0.6\ezmorph-1.0.6.jar;D:\devTools\maven\rep\xom\xom\1.2.5\xom-1.2.5.jar;D:\devTools\maven\rep\xml-apis\xml-apis\1.3.03\xml-apis-1.3.03.jar;D:\devTools\maven\rep\xerces\xercesImpl\2.8.0\xercesImpl-2.8.0.jar;D:\devTools\maven\rep\xalan\xalan\2.7.0\xalan-2.7.0.jar;D:\devTools\maven\rep\cn\hutool\hutool-poi\5.2.5\hutool-poi-5.2.5.jar;D:\devTools\maven\rep\cn\hutool\hutool-core\5.2.5\hutool-core-5.2.5.jar;D:\devTools\maven\rep\cn\hutool\hutool-log\5.2.5\hutool-log-5.2.5.jar;D:\devTools\maven\rep\cn\hutool\hutool-crypto\4.1.1\hutool-crypto-4.1.1.jar;"/>
    <property name="java.vm.vendor" value="Oracle Corporation"/>
    <property name="sun.arch.data.model" value="64"/>
    <property name="user.variant" value=""/>
    <property name="java.vendor.url" value="http://java.oracle.com/"/>
    <property name="user.timezone" value="Asia/Shanghai"/>
    <property name="java.vm.specification.version" value="1.8"/>
    <property name="os.name" value="Windows 10"/>
    <property name="user.country" value="CN"/>
    <property name="sun.java.launcher" value="SUN_STANDARD"/>
    <property name="sun.boot.library.path" value="C:\Program Files\Java\jdk1.8.0_291\jre\bin"/>
    <property name="sun.java.command" value="C:\Users\findshen\AppData\Local\Temp\surefire2317018049343051297\surefirebooter6484561194705702461.jar C:\Users\findshen\AppData\Local\Temp\surefire2317018049343051297 2024-05-08T14-00-13_906-jvmRun1 surefire8359387151633572787tmp surefire_07670577063334218997tmp"/>
    <property name="surefire.test.class.path" value="D:\work\easycloud\deviceManage\target\test-classes;D:\work\easycloud\deviceManage\target\classes;D:\devTools\maven\rep\org\springframework\boot\spring-boot-starter\2.5.0\spring-boot-starter-2.5.0.jar;D:\devTools\maven\rep\org\springframework\boot\spring-boot\2.5.0\spring-boot-2.5.0.jar;D:\devTools\maven\rep\org\springframework\boot\spring-boot-autoconfigure\2.5.0\spring-boot-autoconfigure-2.5.0.jar;D:\devTools\maven\rep\org\springframework\boot\spring-boot-starter-logging\2.5.0\spring-boot-starter-logging-2.5.0.jar;D:\devTools\maven\rep\ch\qos\logback\logback-classic\1.2.3\logback-classic-1.2.3.jar;D:\devTools\maven\rep\ch\qos\logback\logback-core\1.2.3\logback-core-1.2.3.jar;D:\devTools\maven\rep\org\apache\logging\log4j\log4j-to-slf4j\2.14.1\log4j-to-slf4j-2.14.1.jar;D:\devTools\maven\rep\org\apache\logging\log4j\log4j-api\2.14.1\log4j-api-2.14.1.jar;D:\devTools\maven\rep\org\slf4j\jul-to-slf4j\1.7.30\jul-to-slf4j-1.7.30.jar;D:\devTools\maven\rep\jakarta\annotation\jakarta.annotation-api\1.3.5\jakarta.annotation-api-1.3.5.jar;D:\devTools\maven\rep\org\springframework\spring-core\5.3.7\spring-core-5.3.7.jar;D:\devTools\maven\rep\org\springframework\spring-jcl\5.3.7\spring-jcl-5.3.7.jar;D:\devTools\maven\rep\org\yaml\snakeyaml\1.28\snakeyaml-1.28.jar;D:\devTools\maven\rep\org\projectlombok\lombok\1.18.4\lombok-1.18.4.jar;D:\devTools\maven\rep\org\springframework\boot\spring-boot-starter-test\2.5.0\spring-boot-starter-test-2.5.0.jar;D:\devTools\maven\rep\org\springframework\boot\spring-boot-test\2.5.0\spring-boot-test-2.5.0.jar;D:\devTools\maven\rep\org\springframework\boot\spring-boot-test-autoconfigure\2.5.0\spring-boot-test-autoconfigure-2.5.0.jar;D:\devTools\maven\rep\com\jayway\jsonpath\json-path\2.5.0\json-path-2.5.0.jar;D:\devTools\maven\rep\net\minidev\json-smart\2.4.7\json-smart-2.4.7.jar;D:\devTools\maven\rep\net\minidev\accessors-smart\2.4.7\accessors-smart-2.4.7.jar;D:\devTools\maven\rep\org\ow2\asm\asm\9.1\asm-9.1.jar;D:\devTools\maven\rep\jakarta\xml\bind\jakarta.xml.bind-api\2.3.3\jakarta.xml.bind-api-2.3.3.jar;D:\devTools\maven\rep\jakarta\activation\jakarta.activation-api\1.2.2\jakarta.activation-api-1.2.2.jar;D:\devTools\maven\rep\org\assertj\assertj-core\3.19.0\assertj-core-3.19.0.jar;D:\devTools\maven\rep\org\hamcrest\hamcrest\2.2\hamcrest-2.2.jar;D:\devTools\maven\rep\org\junit\jupiter\junit-jupiter\5.7.2\junit-jupiter-5.7.2.jar;D:\devTools\maven\rep\org\junit\jupiter\junit-jupiter-api\5.7.2\junit-jupiter-api-5.7.2.jar;D:\devTools\maven\rep\org\apiguardian\apiguardian-api\1.1.0\apiguardian-api-1.1.0.jar;D:\devTools\maven\rep\org\opentest4j\opentest4j\1.2.0\opentest4j-1.2.0.jar;D:\devTools\maven\rep\org\junit\platform\junit-platform-commons\1.7.2\junit-platform-commons-1.7.2.jar;D:\devTools\maven\rep\org\junit\jupiter\junit-jupiter-params\5.7.2\junit-jupiter-params-5.7.2.jar;D:\devTools\maven\rep\org\junit\jupiter\junit-jupiter-engine\5.7.2\junit-jupiter-engine-5.7.2.jar;D:\devTools\maven\rep\org\junit\platform\junit-platform-engine\1.7.2\junit-platform-engine-1.7.2.jar;D:\devTools\maven\rep\org\mockito\mockito-core\3.9.0\mockito-core-3.9.0.jar;D:\devTools\maven\rep\net\bytebuddy\byte-buddy\1.10.22\byte-buddy-1.10.22.jar;D:\devTools\maven\rep\net\bytebuddy\byte-buddy-agent\1.10.22\byte-buddy-agent-1.10.22.jar;D:\devTools\maven\rep\org\objenesis\objenesis\3.2\objenesis-3.2.jar;D:\devTools\maven\rep\org\mockito\mockito-junit-jupiter\3.9.0\mockito-junit-jupiter-3.9.0.jar;D:\devTools\maven\rep\org\skyscreamer\jsonassert\1.5.0\jsonassert-1.5.0.jar;D:\devTools\maven\rep\com\vaadin\external\google\android-json\0.0.20131108.vaadin1\android-json-0.0.20131108.vaadin1.jar;D:\devTools\maven\rep\org\springframework\spring-test\5.3.7\spring-test-5.3.7.jar;D:\devTools\maven\rep\org\xmlunit\xmlunit-core\2.8.2\xmlunit-core-2.8.2.jar;D:\devTools\maven\rep\org\springframework\boot\spring-boot-starter-web\2.5.0\spring-boot-starter-web-2.5.0.jar;D:\devTools\maven\rep\org\springframework\boot\spring-boot-starter-json\2.5.0\spring-boot-starter-json-2.5.0.jar;D:\devTools\maven\rep\com\fasterxml\jackson\core\jackson-databind\2.12.3\jackson-databind-2.12.3.jar;D:\devTools\maven\rep\com\fasterxml\jackson\core\jackson-core\2.12.3\jackson-core-2.12.3.jar;D:\devTools\maven\rep\com\fasterxml\jackson\datatype\jackson-datatype-jdk8\2.12.3\jackson-datatype-jdk8-2.12.3.jar;D:\devTools\maven\rep\com\fasterxml\jackson\datatype\jackson-datatype-jsr310\2.12.3\jackson-datatype-jsr310-2.12.3.jar;D:\devTools\maven\rep\com\fasterxml\jackson\module\jackson-module-parameter-names\2.12.3\jackson-module-parameter-names-2.12.3.jar;D:\devTools\maven\rep\org\springframework\boot\spring-boot-starter-tomcat\2.5.0\spring-boot-starter-tomcat-2.5.0.jar;D:\devTools\maven\rep\org\apache\tomcat\embed\tomcat-embed-core\9.0.46\tomcat-embed-core-9.0.46.jar;D:\devTools\maven\rep\org\apache\tomcat\embed\tomcat-embed-el\9.0.46\tomcat-embed-el-9.0.46.jar;D:\devTools\maven\rep\org\apache\tomcat\embed\tomcat-embed-websocket\9.0.46\tomcat-embed-websocket-9.0.46.jar;D:\devTools\maven\rep\org\springframework\spring-web\5.3.7\spring-web-5.3.7.jar;D:\devTools\maven\rep\org\springframework\spring-webmvc\5.3.7\spring-webmvc-5.3.7.jar;D:\devTools\maven\rep\org\springframework\spring-expression\5.3.7\spring-expression-5.3.7.jar;D:\devTools\maven\rep\org\springframework\boot\spring-boot-starter-aop\2.5.0\spring-boot-starter-aop-2.5.0.jar;D:\devTools\maven\rep\org\springframework\spring-aop\5.3.7\spring-aop-5.3.7.jar;D:\devTools\maven\rep\org\aspectj\aspectjweaver\1.9.6\aspectjweaver-1.9.6.jar;D:\devTools\maven\rep\org\springframework\spring-context-support\5.3.7\spring-context-support-5.3.7.jar;D:\devTools\maven\rep\org\springframework\spring-beans\5.3.7\spring-beans-5.3.7.jar;D:\devTools\maven\rep\org\springframework\spring-context\5.3.7\spring-context-5.3.7.jar;D:\devTools\maven\rep\org\springframework\boot\spring-boot-starter-data-redis\2.5.0\spring-boot-starter-data-redis-2.5.0.jar;D:\devTools\maven\rep\org\springframework\data\spring-data-redis\2.5.1\spring-data-redis-2.5.1.jar;D:\devTools\maven\rep\org\springframework\data\spring-data-keyvalue\2.5.1\spring-data-keyvalue-2.5.1.jar;D:\devTools\maven\rep\org\springframework\data\spring-data-commons\2.5.1\spring-data-commons-2.5.1.jar;D:\devTools\maven\rep\org\springframework\spring-tx\5.3.7\spring-tx-5.3.7.jar;D:\devTools\maven\rep\org\springframework\spring-oxm\5.3.7\spring-oxm-5.3.7.jar;D:\devTools\maven\rep\io\lettuce\lettuce-core\6.1.2.RELEASE\lettuce-core-6.1.2.RELEASE.jar;D:\devTools\maven\rep\io\netty\netty-common\4.1.65.Final\netty-common-4.1.65.Final.jar;D:\devTools\maven\rep\io\netty\netty-handler\4.1.65.Final\netty-handler-4.1.65.Final.jar;D:\devTools\maven\rep\io\netty\netty-resolver\4.1.65.Final\netty-resolver-4.1.65.Final.jar;D:\devTools\maven\rep\io\netty\netty-buffer\4.1.65.Final\netty-buffer-4.1.65.Final.jar;D:\devTools\maven\rep\io\netty\netty-codec\4.1.65.Final\netty-codec-4.1.65.Final.jar;D:\devTools\maven\rep\io\netty\netty-transport\4.1.65.Final\netty-transport-4.1.65.Final.jar;D:\devTools\maven\rep\io\projectreactor\reactor-core\3.4.6\reactor-core-3.4.6.jar;D:\devTools\maven\rep\org\reactivestreams\reactive-streams\1.0.3\reactive-streams-1.0.3.jar;D:\devTools\maven\rep\org\springframework\boot\spring-boot-configuration-processor\2.5.0\spring-boot-configuration-processor-2.5.0.jar;D:\devTools\maven\rep\com\baomidou\mybatis-plus-boot-starter\3.2.0\mybatis-plus-boot-starter-3.2.0.jar;D:\devTools\maven\rep\com\baomidou\mybatis-plus\3.2.0\mybatis-plus-3.2.0.jar;D:\devTools\maven\rep\com\baomidou\mybatis-plus-extension\3.2.0\mybatis-plus-extension-3.2.0.jar;D:\devTools\maven\rep\com\baomidou\mybatis-plus-core\3.2.0\mybatis-plus-core-3.2.0.jar;D:\devTools\maven\rep\com\baomidou\mybatis-plus-annotation\3.2.0\mybatis-plus-annotation-3.2.0.jar;D:\devTools\maven\rep\com\github\jsqlparser\jsqlparser\2.1\jsqlparser-2.1.jar;D:\devTools\maven\rep\org\mybatis\mybatis\3.5.2\mybatis-3.5.2.jar;D:\devTools\maven\rep\org\mybatis\mybatis-spring\2.0.2\mybatis-spring-2.0.2.jar;D:\devTools\maven\rep\org\springframework\boot\spring-boot-starter-jdbc\2.5.0\spring-boot-starter-jdbc-2.5.0.jar;D:\devTools\maven\rep\com\zaxxer\HikariCP\4.0.3\HikariCP-4.0.3.jar;D:\devTools\maven\rep\org\springframework\spring-jdbc\5.3.7\spring-jdbc-5.3.7.jar;D:\devTools\maven\rep\mysql\mysql-connector-java\8.0.17\mysql-connector-java-8.0.17.jar;D:\devTools\maven\rep\com\alibaba\druid-spring-boot-starter\1.1.13\druid-spring-boot-starter-1.1.13.jar;D:\devTools\maven\rep\com\alibaba\druid\1.1.13\druid-1.1.13.jar;D:\devTools\maven\rep\org\slf4j\slf4j-api\1.7.30\slf4j-api-1.7.30.jar;D:\devTools\maven\rep\commons-lang\commons-lang\2.6\commons-lang-2.6.jar;D:\devTools\maven\rep\commons-fileupload\commons-fileupload\1.2.2\commons-fileupload-1.2.2.jar;D:\devTools\maven\rep\commons-io\commons-io\2.5\commons-io-2.5.jar;D:\devTools\maven\rep\commons-codec\commons-codec\1.10\commons-codec-1.10.jar;D:\devTools\maven\rep\commons-configuration\commons-configuration\1.10\commons-configuration-1.10.jar;D:\devTools\maven\rep\commons-logging\commons-logging\1.1.1\commons-logging-1.1.1.jar;D:\devTools\maven\rep\org\apache\shiro\shiro-core\1.4.0\shiro-core-1.4.0.jar;D:\devTools\maven\rep\org\apache\shiro\shiro-lang\1.4.0\shiro-lang-1.4.0.jar;D:\devTools\maven\rep\org\apache\shiro\shiro-cache\1.4.0\shiro-cache-1.4.0.jar;D:\devTools\maven\rep\org\apache\shiro\shiro-crypto-hash\1.4.0\shiro-crypto-hash-1.4.0.jar;D:\devTools\maven\rep\org\apache\shiro\shiro-crypto-core\1.4.0\shiro-crypto-core-1.4.0.jar;D:\devTools\maven\rep\org\apache\shiro\shiro-crypto-cipher\1.4.0\shiro-crypto-cipher-1.4.0.jar;D:\devTools\maven\rep\org\apache\shiro\shiro-config-core\1.4.0\shiro-config-core-1.4.0.jar;D:\devTools\maven\rep\org\apache\shiro\shiro-config-ogdl\1.4.0\shiro-config-ogdl-1.4.0.jar;D:\devTools\maven\rep\org\apache\shiro\shiro-event\1.4.0\shiro-event-1.4.0.jar;D:\devTools\maven\rep\org\apache\shiro\shiro-spring\1.4.0\shiro-spring-1.4.0.jar;D:\devTools\maven\rep\org\apache\shiro\shiro-web\1.4.0\shiro-web-1.4.0.jar;D:\devTools\maven\rep\com\github\axet\kaptcha\0.0.9\kaptcha-0.0.9.jar;D:\devTools\maven\rep\com\jhlabs\filters\2.0.235\filters-2.0.235.jar;D:\devTools\maven\rep\io\springfox\springfox-swagger2\2.7.0\springfox-swagger2-2.7.0.jar;D:\devTools\maven\rep\io\swagger\swagger-annotations\1.5.13\swagger-annotations-1.5.13.jar;D:\devTools\maven\rep\io\swagger\swagger-models\1.5.13\swagger-models-1.5.13.jar;D:\devTools\maven\rep\com\fasterxml\jackson\core\jackson-annotations\2.12.3\jackson-annotations-2.12.3.jar;D:\devTools\maven\rep\io\springfox\springfox-spi\2.7.0\springfox-spi-2.7.0.jar;D:\devTools\maven\rep\io\springfox\springfox-core\2.7.0\springfox-core-2.7.0.jar;D:\devTools\maven\rep\io\springfox\springfox-schema\2.7.0\springfox-schema-2.7.0.jar;D:\devTools\maven\rep\io\springfox\springfox-swagger-common\2.7.0\springfox-swagger-common-2.7.0.jar;D:\devTools\maven\rep\io\springfox\springfox-spring-web\2.7.0\springfox-spring-web-2.7.0.jar;D:\devTools\maven\rep\org\reflections\reflections\0.9.11\reflections-0.9.11.jar;D:\devTools\maven\rep\org\javassist\javassist\3.21.0-GA\javassist-3.21.0-GA.jar;D:\devTools\maven\rep\com\google\guava\guava\18.0\guava-18.0.jar;D:\devTools\maven\rep\com\fasterxml\classmate\1.5.1\classmate-1.5.1.jar;D:\devTools\maven\rep\org\springframework\plugin\spring-plugin-core\1.2.0.RELEASE\spring-plugin-core-1.2.0.RELEASE.jar;D:\devTools\maven\rep\org\springframework\plugin\spring-plugin-metadata\1.2.0.RELEASE\spring-plugin-metadata-1.2.0.RELEASE.jar;D:\devTools\maven\rep\org\mapstruct\mapstruct\1.1.0.Final\mapstruct-1.1.0.Final.jar;D:\devTools\maven\rep\io\springfox\springfox-swagger-ui\2.7.0\springfox-swagger-ui-2.7.0.jar;D:\devTools\maven\rep\joda-time\joda-time\2.9.9\joda-time-2.9.9.jar;D:\devTools\maven\rep\com\alibaba\fastjson\1.2.60\fastjson-1.2.60.jar;D:\devTools\maven\rep\org\apache\httpcomponents\httpclient\4.5.13\httpclient-4.5.13.jar;D:\devTools\maven\rep\org\apache\httpcomponents\httpcore\4.4.14\httpcore-4.4.14.jar;D:\devTools\maven\rep\com\google\code\gson\gson\2.8.6\gson-2.8.6.jar;D:\devTools\maven\rep\net\sf\json-lib\json-lib\2.4\json-lib-2.4-jdk15.jar;D:\devTools\maven\rep\commons-beanutils\commons-beanutils\1.8.0\commons-beanutils-1.8.0.jar;D:\devTools\maven\rep\commons-collections\commons-collections\3.2.1\commons-collections-3.2.1.jar;D:\devTools\maven\rep\net\sf\ezmorph\ezmorph\1.0.6\ezmorph-1.0.6.jar;D:\devTools\maven\rep\xom\xom\1.2.5\xom-1.2.5.jar;D:\devTools\maven\rep\xml-apis\xml-apis\1.3.03\xml-apis-1.3.03.jar;D:\devTools\maven\rep\xerces\xercesImpl\2.8.0\xercesImpl-2.8.0.jar;D:\devTools\maven\rep\xalan\xalan\2.7.0\xalan-2.7.0.jar;D:\devTools\maven\rep\cn\hutool\hutool-poi\5.2.5\hutool-poi-5.2.5.jar;D:\devTools\maven\rep\cn\hutool\hutool-core\5.2.5\hutool-core-5.2.5.jar;D:\devTools\maven\rep\cn\hutool\hutool-log\5.2.5\hutool-log-5.2.5.jar;D:\devTools\maven\rep\cn\hutool\hutool-crypto\4.1.1\hutool-crypto-4.1.1.jar;"/>
    <property name="sun.cpu.endian" value="little"/>
    <property name="user.home" value="C:\Users\findshen"/>
    <property name="user.language" value="zh"/>
    <property name="java.specification.vendor" value="Oracle Corporation"/>
    <property name="java.home" value="C:\Program Files\Java\jdk1.8.0_291\jre"/>
    <property name="basedir" value="D:\work\easycloud\deviceManage"/>
    <property name="file.separator" value="\"/>
    <property name="line.separator" value="&#10;"/>
    <property name="java.vm.specification.vendor" value="Oracle Corporation"/>
    <property name="java.specification.name" value="Java Platform API Specification"/>
    <property name="java.awt.graphicsenv" value="sun.awt.Win32GraphicsEnvironment"/>
    <property name="surefire.real.class.path" value="C:\Users\findshen\AppData\Local\Temp\surefire2317018049343051297\surefirebooter6484561194705702461.jar"/>
    <property name="sun.boot.class.path" value="C:\Program Files\Java\jdk1.8.0_291\jre\lib\resources.jar;C:\Program Files\Java\jdk1.8.0_291\jre\lib\rt.jar;C:\Program Files\Java\jdk1.8.0_291\jre\lib\sunrsasign.jar;C:\Program Files\Java\jdk1.8.0_291\jre\lib\jsse.jar;C:\Program Files\Java\jdk1.8.0_291\jre\lib\jce.jar;C:\Program Files\Java\jdk1.8.0_291\jre\lib\charsets.jar;C:\Program Files\Java\jdk1.8.0_291\jre\lib\jfr.jar;C:\Program Files\Java\jdk1.8.0_291\jre\classes"/>
    <property name="user.script" value=""/>
    <property name="sun.management.compiler" value="HotSpot 64-Bit Tiered Compilers"/>
    <property name="java.runtime.version" value="1.8.0_291-b10"/>
    <property name="user.name" value="findshen"/>
    <property name="path.separator" value=";"/>
    <property name="os.version" value="10.0"/>
    <property name="java.endorsed.dirs" value="C:\Program Files\Java\jdk1.8.0_291\jre\lib\endorsed"/>
    <property name="java.runtime.name" value="Java(TM) SE Runtime Environment"/>
    <property name="file.encoding" value="GBK"/>
    <property name="java.vm.name" value="Java HotSpot(TM) 64-Bit Server VM"/>
    <property name="localRepository" value="D:\devTools\maven\rep"/>
    <property name="java.vendor.url.bug" value="http://bugreport.sun.com/bugreport/"/>
    <property name="java.io.tmpdir" value="C:\Users\findshen\AppData\Local\Temp\"/>
    <property name="idea.version" value="2018.3.6"/>
    <property name="java.version" value="1.8.0_291"/>
    <property name="user.dir" value="D:\work\easycloud\deviceManage"/>
    <property name="os.arch" value="amd64"/>
    <property name="java.vm.specification.name" value="Java Virtual Machine Specification"/>
    <property name="java.awt.printerjob" value="sun.awt.windows.WPrinterJob"/>
    <property name="sun.os.patch.level" value=""/>
    <property name="java.library.path" value="C:\Program Files\Java\jdk1.8.0_291\jre\bin;C:\WINDOWS\Sun\Java\bin;C:\WINDOWS\system32;C:\WINDOWS;C:\Program Files\Common Files\Siemens\Automation\Simatic OAM\bin;C:\Python310\Scripts\;C:\Python310\;C:\Program Files (x86)\Common Files\Oracle\Java\javapath;C:\Windows\system32;C:\Windows;C:\Windows\System32\Wbem;C:\Windows\System32\WindowsPowerShell\v1.0\;C:\Windows\System32\OpenSSH\;D:\Program Files (x86)\NetSarang\Xshell 7\;D:\Program Files\Git\cmd;C:\Program Files (x86)\NVIDIA Corporation\PhysX\Common;C:\Program Files\NVIDIA Corporation\NVIDIA NvDLISR;D:\Program Files\JetBrains\IntelliJ IDEA 2018.3.6\plugins\maven\lib\maven3\bin;$JAVA_HOME$\bin\;$JAVA_HOME$\jre\bin\;C:\Program Files\Java\jdk1.8.0_291\bin;C:\WINDOWS\system32;C:\WINDOWS;C:\WINDOWS\System32\Wbem;C:\WINDOWS\System32\WindowsPowerShell\v1.0\;C:\WINDOWS\System32\OpenSSH\;D:\devTools\gradle-7.1.1\bin;;D:\Program Files (x86)\Tencent\微信web开发者工具\dll;C:\Program Files\Pandoc\;C:\Program Files\nodejs\;C:\ProgramData\chocolatey\bin;;C:\Program Files (x86)\Microsoft SQL Server\100\Tools\Binn\;C:\Program Files\Microsoft SQL Server\100\Tools\Binn\;C:\Program Files\Microsoft SQL Server\100\DTS\Binn\;C:\Program Files (x86)\Microsoft SQL Server\100\Tools\Binn\VSShell\Common7\IDE\;C:\Program Files (x86)\Microsoft SQL Server\100\DTS\Binn\;C:\TDengine;%USERPROFILE%\AppData\Local\Microsoft\WindowsApps;%IntelliJ IDEA%;C:\Users\findshen\AppData\Roaming\npm;D:\devTools;C:\Program Files (x86)\Tencent\QQGameTempest\Hall.57986\;."/>
    <property name="java.vm.info" value="mixed mode"/>
    <property name="java.vendor" value="Oracle Corporation"/>
    <property name="java.vm.version" value="25.291-b10"/>
    <property name="java.ext.dirs" value="C:\Program Files\Java\jdk1.8.0_291\jre\lib\ext;C:\WINDOWS\Sun\Java\lib\ext"/>
    <property name="sun.io.unicode.encoding" value="UnicodeLittle"/>
    <property name="maven.repo.local" value="D:\devTools\maven\rep"/>
    <property name="java.class.version" value="52.0"/>
  </properties>
  <testcase name="contextLoads" classname="com.example.deviceManage.DemoApplicationTests" time="0.523"/>
</testsuite>